<?xml version="1.0" encoding="UTF-8" ?>
<testsuite errors="3" failures="1" hostname="Bhavika-PC" name="com.warp.Test.Testauto" tests="14" time="39.157" timestamp="2015-09-30T08:02:21">
  <properties>
[...]
</properties>
  <testcase classname="com.warp.Test.Testauto" name="case15subscriberoom" time="5.021" />
  <testcase classname="com.warp.Test.Testauto" name="case4testwithuname1" time="1.0" />
  <testcase classname="com.warp.Test.Testauto" name="case2testwithvaliduname" time="0.0" />
  <testcase classname="com.warp.Test.Testauto" name="case6getroomsinfo" time="9.044" />
  <testcase classname="com.warp.Test.Testauto" name="case1testWithNull" time="0.0">
    <failure message="expected:&lt;4&gt; but was:&lt;0&gt;" type="junit.framework.AssertionFailedError">junit.framework.AssertionFailedError: expected:&lt;4&gt; but was:&lt;0&gt;
	at com.warp.Test.Testauto.case1testWithNull(Testauto.java:93)
</failure>
  </testcase>
  <testcase classname="com.warp.Test.Testauto" name="case14roominfo" time="6.006" />
  <testcase classname="com.warp.Test.Testauto" name="case18unsubscriberoom" time="6.014" />
  <testcase classname="com.warp.Test.Testauto" name="case13joinroom" time="1.008">
    <error type="java.lang.NullPointerException">java.lang.NullPointerException
	at com.warp.Test.ZoneListener.onCreateRoomDone(ZoneListener.java:35)
	at com.shephertz.app42.gaming.multiplayer.client.WarpClient.createRoom(WarpClient.java:1477)
	at com.warp.Test.Testauto.case13joinroom(Testauto.java:440)
</error>
  </testcase>
  <testcase classname="com.warp.Test.Testauto" name="case5testwithuname2" time="5.014" />
  <testcase classname="com.warp.Test.Testauto" name="case9createroom" time="0.0">
    <error type="java.lang.NullPointerException">java.lang.NullPointerException
	at com.warp.Test.ZoneListener.onCreateRoomDone(ZoneListener.java:35)
	at com.shephertz.app42.gaming.multiplayer.client.WarpClient.createRoom(WarpClient.java:1477)
	at com.warp.Test.Testauto.case9createroom(Testauto.java:305)
</error>
  </testcase>
  <testcase classname="com.warp.Test.Testauto" name="case3testwithuname" time="0.0" />
  <testcase classname="com.warp.Test.Testauto" name="case7createroom1" time="2.0" />
  <testcase classname="com.warp.Test.Testauto" name="case8createroom2" time="4.004" />
  <testcase classname="com.warp.Test.Testauto" name="case10userinfo" time="0.0">
    <error type="java.lang.NullPointerException">java.lang.NullPointerException
	at com.warp.Test.ZoneListener.onCreateRoomDone(ZoneListener.java:35)
	at com.shephertz.app42.gaming.multiplayer.client.WarpClient.createRoom(WarpClient.java:1477)
	at com.warp.Test.Testauto.case10userinfo(Testauto.java:335)
</error>
  </testcase>
  <system-out><![CDATA[Setup
Test Case-15:Subscribe room with room id
currentStatte2
currentStatte2
onConnectDone Connection Success
currentStatte2
onCreateRoom roomname Room3 id156084822
currentStatte2
Room Joined--
currentStatte2
User subsrcibe room---156084822
Test Case-4: Connect with same username twice
currentStatte2
onConnectDone Connection Error
Test Case-2: Connect with valid username
onConnectDone Bad Request
Connect successfully
onConnectDone Bad Request
Test Case-6: Get all room info
currentStatte2
onConnectDone Connection Success
currentStatte2
currentStatte2
currentStatte2
currentStatte2
currentStatte2
currentStatte2
currentStatte2
currentStatte2
onConnectDone Connection Error Recoverable
test with null
Test Case-1: Connect without any username
onConnectDone Bad Request
Test Case-14:Get room info
currentStatte2
onConnectDone Connection Success
Room has been created
currentStatte2
onCreateRoom roomname Room1 id380864273
Room Joined--
User joined room---null
currentStatte2
currentStatte2
currentStatte2
currentStatte2
onConnectDone Bad Request
Test Case-18:Unsubscribe room with room id
currentStatte2
onConnectDone Connection Error
onConnectDone Connection Success
currentStatte2
onCreateRoom roomname Room3 id285996121
Room Joined--
currentStatte2
currentStatte2
currentStatte2
currentStatte2
onConnectDone Bad Request
User unsubsrcibe room---null
Test Case-13:Join room with room id
currentStatte2
onConnectDone Connection Error
Create room
Test Case-5: Connect with differ username twice
currentStatte2
currentStatte2
currentStatte2
currentStatte2
currentStatte2
onConnectDone Bad Request
Test Case-9:Create Room with valid room name and no of users
onConnectDone Bad Request
Test Case-3: Connect with same/different username
onConnectDone Bad Request
Connect successfully....
onConnectDone Bad Request
Disconnect...
Connect again..
onConnectDone Bad Request
Test Case-7:Create Room with valid room name and no of users not given
currentStatte2
currentStatte2
onConnectDone Connection Error
Conneted........
Test Case-8:Create Room without room name and no of users given only
currentStatte2
currentStatte2
currentStatte2
currentStatte2
onConnectDone Bad Request
Test Case-10:Get user info
onConnectDone Bad Request
]]></system-out>
  <system-err><![CDATA[Exception in thread "MessageDispatchThread" java.lang.NullPointerException
	at com.warp.Test.RoomListen.onUnSubscribeRoomDone(RoomListen.java:61)
	at com.shephertz.app42.gaming.multiplayer.client.WarpClient.onResponse(WarpClient.java:561)
	at com.shephertz.app42.gaming.multiplayer.client.MessageDispatchThread.run(MessageDispatchThread.java:48)
]]></system-err>
</testsuite>
